"""Test ALL 63+ Python Exceptions - Complete Coverage"""

print("=" * 80)
print("COMPREHENSIVE EXCEPTION TESTING - ALL 63+ PYTHON EXCEPTIONS")
print("=" * 80)

passed = 0
failed = 0

# Test helper
def test_exception(name, exception_class):
    global passed, failed
    try:
        exception_class()
        print(f"✅ {name}")
        passed = passed + 1
    except:
        print(f"❌ {name} - NOT AVAILABLE")
        failed = failed + 1

# ============================================================================
# Tier 1: Original Exceptions (10)
# ============================================================================
print("\n[TIER 1] Original Exceptions (10)")
test_exception("Exception", Exception)
test_exception("ValueError", ValueError)
test_exception("TypeError", TypeError)
test_exception("IndexError", IndexError)
test_exception("KeyError", KeyError)
test_exception("ZeroDivisionError", ZeroDivisionError)
test_exception("AttributeError", AttributeError)
test_exception("RuntimeError", RuntimeError)
test_exception("AssertionError", AssertionError)
test_exception("NameError", NameError)

# ============================================================================
# Phase 1: High-Priority (9)
# ============================================================================
print("\n[PHASE 1] High-Priority Exceptions (9)")
test_exception("ImportError", ImportError)
test_exception("ModuleNotFoundError", ModuleNotFoundError)
test_exception("FileNotFoundError", FileNotFoundError)
test_exception("IOError", IOError)
test_exception("OSError", OSError)
test_exception("NotImplementedError", NotImplementedError)
test_exception("RecursionError", RecursionError)
test_exception("SyntaxError", SyntaxError)
test_exception("IndentationError", IndentationError)

# ============================================================================
# Phase 2: Medium-Priority (8)
# ============================================================================
print("\n[PHASE 2] Medium-Priority Exceptions (8)")
test_exception("StopIteration", StopIteration)
test_exception("LookupError", LookupError)
test_exception("EOFError", EOFError)
test_exception("PermissionError", PermissionError)
test_exception("TimeoutError", TimeoutError)
test_exception("KeyboardInterrupt", KeyboardInterrupt)
test_exception("SystemExit", SystemExit)
test_exception("OverflowError", OverflowError)

# ============================================================================
# Phase 3: Unicode & Warnings (11)
# ============================================================================
print("\n[PHASE 3] Unicode & Warning Exceptions (11)")
test_exception("UnicodeError", UnicodeError)
test_exception("UnicodeDecodeError", UnicodeDecodeError)
test_exception("UnicodeEncodeError", UnicodeEncodeError)
test_exception("UnicodeTranslateError", UnicodeTranslateError)
test_exception("Warning", Warning)
test_exception("DeprecationWarning", DeprecationWarning)
test_exception("RuntimeWarning", RuntimeWarning)
test_exception("SyntaxWarning", SyntaxWarning)
test_exception("UserWarning", UserWarning)
test_exception("FutureWarning", FutureWarning)
test_exception("GeneratorExit", GeneratorExit)

# ============================================================================
# Phase 4: Advanced/Specialized (25+)
# ============================================================================
print("\n[PHASE 4] Advanced & Specialized Exceptions (25+)")
test_exception("MemoryError", MemoryError)
test_exception("SystemError", SystemError)
test_exception("ReferenceError", ReferenceError)
test_exception("BufferError", BufferError)
test_exception("ArithmeticError", ArithmeticError)
test_exception("FloatingPointError", FloatingPointError)
test_exception("ConnectionError", ConnectionError)
test_exception("BrokenPipeError", BrokenPipeError)
test_exception("ChildProcessError", ChildProcessError)
test_exception("ConnectionAbortedError", ConnectionAbortedError)
test_exception("ConnectionRefusedError", ConnectionRefusedError)
test_exception("ConnectionResetError", ConnectionResetError)
test_exception("FileExistsError", FileExistsError)
test_exception("InterruptedError", InterruptedError)
test_exception("IsADirectoryError", IsADirectoryError)
test_exception("NotADirectoryError", NotADirectoryError)
test_exception("ProcessLookupError", ProcessLookupError)
test_exception("UnboundLocalError", UnboundLocalError)
test_exception("TabError", TabError)
test_exception("ImportWarning", ImportWarning)
test_exception("UnicodeWarning", UnicodeWarning)
test_exception("BytesWarning", BytesWarning)
test_exception("ResourceWarning", ResourceWarning)
test_exception("PendingDeprecationWarning", PendingDeprecationWarning)
test_exception("BlockingIOError", BlockingIOError)

# ============================================================================
# SUMMARY
# ============================================================================
print("\n" + "=" * 80)
print("SUMMARY - COMPLETE EXCEPTION SYSTEM")
print("=" * 80)
total = passed + failed
print(f"Total Exceptions Tested: {total}")
print(f"Exceptions Available: {passed} ✅")
print(f"Exceptions Missing: {failed} ❌")

if total > 0:
    coverage = 100 * passed // total
    print(f"Coverage: {passed}/{total} ({coverage}%)")

if failed == 0:
    print("\n✅ ALL EXCEPTIONS AVAILABLE - 100% PYTHON EXCEPTION COMPATIBILITY!")
    print("\nTauraro Exception System Status:")
    print("  Tier 1 (Original):     10/10 ✅")
    print("  Phase 1 (High-Pri):     9/9 ✅")
    print("  Phase 2 (Med-Pri):      8/8 ✅")
    print("  Phase 3 (Unicode):     11/11 ✅")
    print("  Phase 4 (Advanced):    25+/25+ ✅")
    print(f"  TOTAL:                 {passed}/63+ ✅")
else:
    print(f"\n⚠️  {failed} exceptions still missing")
    print(f"Current coverage: {coverage}%")

print("=" * 80)
